<!DOCTYPE html PUBLIC "-//W3C//DTD XHTML 1.1//EN" "https://www.w3.org/TR/xhtml11/DTD/xhtml11.dtd">
<html xmlns="https://www.w3.org/1999/xhtml">
<head>
<meta http-equiv="content-type" content="text/html; charset=UTF-8"/>
<title>TestNG Report</title>
<style type="text/css">table {margin-bottom:10px;border-collapse:collapse;empty-cells:show}th,td {border:1px solid #009;padding:.25em .5em}th {vertical-align:bottom}td {vertical-align:top}table a {font-weight:bold}.stripe td {background-color: #E6EBF9}.num {text-align:right}.passedodd td {background-color: #3F3}.passedeven td {background-color: #0A0}.skippedodd td {background-color: #DDD}.skippedeven td {background-color: #CCC}.failedodd td,.attn {background-color: #F33}.failedeven td,.stripe .attn {background-color: #D00}.stacktrace {white-space:pre;font-family:monospace}.totop {font-size:85%;text-align:center;border-bottom:2px solid #000}.invisible {display:none}</style>
</head>
<body>
<table>
<tr><th>Test</th><th># Passed</th><th># Skipped</th><th># Retried</th><th># Failed</th><th>Time (ms)</th><th>Included Groups</th><th>Excluded Groups</th></tr>
<tr><th colspan="8">ApplaudoTechnicalExam</th></tr>
<tr><td><a href="#t0">EndpointTest</a></td><td class="num">2</td><td class="num">0</td><td class="num">0</td><td class="num">0</td><td class="num">9,587</td><td></td><td></td></tr>
<tr class="stripe"><td><a href="#t1">WebPageTest</a></td><td class="num">1</td><td class="num attn">1</td><td class="num">0</td><td class="num attn">2</td><td class="num">17,247</td><td></td><td></td></tr>
<tr><th>Total</th><th class="num">3</th><th class="num attn">1</th><th class="num">0</th><th class="num attn">2</th><th class="num">26,834</th><th colspan="2"></th></tr>
</table>
<table id='summary'><thead><tr><th>Class</th><th>Method</th><th>Start</th><th>Time (ms)</th></tr></thead><tbody><tr><th colspan="4">ApplaudoTechnicalExam</th></tr></tbody><tbody id="t0"><tr><th colspan="4">EndpointTest &#8212; passed</th></tr><tr class="passedeven"><td rowspan="2">com.BreakingBadAPI.EndpointTest.CharacterTest</td><td><a href="#m0">testGetAllCharacters</a></td><td rowspan="1">1627671665676</td><td rowspan="1">7833</td></tr><tr class="passedeven"><td><a href="#m1">testGetCharacterByName</a></td><td rowspan="1">1627671673531</td><td rowspan="1">1688</td></tr></tbody>
<tbody id="t1"><tr><th colspan="4">WebPageTest &#8212; failed (configuration methods)</th></tr><tr class="failedeven"><td rowspan="1">com.WebPage.FeatureTest.SearchBoxTest</td><td><a href="#m2">beforeSuite</a></td><td rowspan="1">1627671682746</td><td rowspan="1">20</td></tr><tr><th colspan="4">WebPageTest &#8212; failed</th></tr><tr class="failedeven"><td rowspan="1">com.WebPage.FeatureTest.FooterTest</td><td><a href="#m3">validateFooterInformation</a></td><td rowspan="1">1627671670356</td><td rowspan="1">5088</td></tr><tr class="failedodd"><td rowspan="1">com.WebPage.FeatureTest.ShoppingCartTest</td><td><a href="#m4">testRemoveItemFromShoppingCart</a></td><td rowspan="1">1627671675478</td><td rowspan="1">7267</td></tr><tr><th colspan="4">WebPageTest &#8212; skipped</th></tr><tr class="skippedeven"><td rowspan="1">com.WebPage.FeatureTest.SearchBoxTest</td><td><a href="#m5">testSearchBox</a></td><td rowspan="1">1627671682771</td><td rowspan="1">1</td></tr><tr><th colspan="4">WebPageTest &#8212; passed</th></tr><tr class="passedeven"><td rowspan="1">com.WebPage.FeatureTest.ShoppingCartTest</td><td><a href="#m6">testAddItemToShoppingCart</a></td><td rowspan="1">1627671675447</td><td rowspan="1">29</td></tr></tbody>
</table>
<h2>EndpointTest</h2><h3 id="m0">com.BreakingBadAPI.EndpointTest.CharacterTest#testGetAllCharacters</h3><table class="result"><tr><th class="invisible"/></tr></table><p class="totop"><a href="#summary">back to summary</a></p>
<h3 id="m1">com.BreakingBadAPI.EndpointTest.CharacterTest#testGetCharacterByName</h3><table class="result"><tr><th class="invisible"/></tr></table><p class="totop"><a href="#summary">back to summary</a></p>
<h2>WebPageTest</h2><h3 id="m2">com.WebPage.FeatureTest.SearchBoxTest#beforeSuite</h3><table class="result"><tr><th>Exception</th></tr><tr><td><div class="stacktrace">org.openqa.selenium.NoSuchWindowException: no such window: window was already closed
  (Session info: chrome=92.0.4515.107)
Build info: version: &apos;3.141.59&apos;, revision: &apos;e82be7d358&apos;, time: &apos;2018-11-14T08:17:03&apos;
System info: host: &apos;Jorges-MacBook-Pro.local&apos;, ip: &apos;192.168.43.13&apos;, os.name: &apos;Mac OS X&apos;, os.arch: &apos;x86_64&apos;, os.version: &apos;10.15.7&apos;, java.version: &apos;16.0.2&apos;
Driver info: org.openqa.selenium.chrome.ChromeDriver
Capabilities {acceptInsecureCerts: false, browserName: chrome, browserVersion: 92.0.4515.107, chrome: {chromedriverVersion: 92.0.4515.43 (8c61b7e2989f2..., userDataDir: /var/folders/s9/537dvcg543b...}, goog:chromeOptions: {debuggerAddress: localhost:60040}, javascriptEnabled: true, networkConnectionEnabled: false, pageLoadStrategy: normal, platform: MAC, platformName: MAC, proxy: Proxy(), setWindowRect: true, strictFileInteractability: false, timeouts: {implicit: 0, pageLoad: 300000, script: 30000}, unhandledPromptBehavior: dismiss and notify, webauthn:extension:credBlob: true, webauthn:extension:largeBlob: true, webauthn:virtualAuthenticators: true}
Session ID: 6d9da1f7e4993bb1e5ef8f74b38eb9d9
	at org.openqa.selenium.remote.http.W3CHttpResponseCodec.createException(W3CHttpResponseCodec.java:187)
	at org.openqa.selenium.remote.http.W3CHttpResponseCodec.decode(W3CHttpResponseCodec.java:122)
	at org.openqa.selenium.remote.http.W3CHttpResponseCodec.decode(W3CHttpResponseCodec.java:49)
	at org.openqa.selenium.remote.HttpCommandExecutor.execute(HttpCommandExecutor.java:158)
	at org.openqa.selenium.remote.service.DriverCommandExecutor.execute(DriverCommandExecutor.java:83)
	at org.openqa.selenium.remote.RemoteWebDriver.execute(RemoteWebDriver.java:552)
	at org.openqa.selenium.remote.RemoteWebDriver.get(RemoteWebDriver.java:277)
	at com.WebPage.FeatureTest.SearchBoxTest.beforeSuite(SearchBoxTest.java:24)
	at java.base/java.util.ArrayList.forEach(ArrayList.java:1511)
	at java.base/java.util.concurrent.FutureTask.run(FutureTask.java:264)
	at java.base/java.util.concurrent.ThreadPoolExecutor.runWorker(ThreadPoolExecutor.java:1130)
	at java.base/java.util.concurrent.ThreadPoolExecutor$Worker.run(ThreadPoolExecutor.java:630)
	at java.base/java.lang.Thread.run(Thread.java:831)
... Removed 21 stack frames</div></td></tr></table><p class="totop"><a href="#summary">back to summary</a></p>
<h3 id="m3">com.WebPage.FeatureTest.FooterTest#validateFooterInformation</h3><table class="result"><tr><th>Messages</th></tr><tr><td><div class="messages">Page has no footer information</div></td></tr><tr><th>Exception</th></tr><tr><td><div class="stacktrace">java.lang.AssertionError: Footer information is not matching expected Information
	at com.WebPage.FeatureTest.FooterTest.validateFooterInformation(FooterTest.java:42)
	at java.base/java.util.ArrayList.forEach(ArrayList.java:1511)
	at java.base/java.util.concurrent.FutureTask.run(FutureTask.java:264)
	at java.base/java.util.concurrent.ThreadPoolExecutor.runWorker(ThreadPoolExecutor.java:1130)
	at java.base/java.util.concurrent.ThreadPoolExecutor$Worker.run(ThreadPoolExecutor.java:630)
	at java.base/java.lang.Thread.run(Thread.java:831)
... Removed 20 stack frames</div></td></tr></table><p class="totop"><a href="#summary">back to summary</a></p>
<h3 id="m4">com.WebPage.FeatureTest.ShoppingCartTest#testRemoveItemFromShoppingCart</h3><table class="result"><tr><th>Messages</th></tr><tr><td><div class="messages">Element didn't load correctly</div></td></tr><tr><th>Exception</th></tr><tr><td><div class="stacktrace">java.lang.AssertionError: Item wasn&apos;t deleted when clicked the delete button
	at com.WebPage.FeatureTest.ShoppingCartTest.testRemoveItemFromShoppingCart(ShoppingCartTest.java:115)
	at java.base/java.util.ArrayList.forEach(ArrayList.java:1511)
	at java.base/java.util.concurrent.FutureTask.run(FutureTask.java:264)
	at java.base/java.util.concurrent.ThreadPoolExecutor.runWorker(ThreadPoolExecutor.java:1130)
	at java.base/java.util.concurrent.ThreadPoolExecutor$Worker.run(ThreadPoolExecutor.java:630)
	at java.base/java.lang.Thread.run(Thread.java:831)
... Removed 21 stack frames</div></td></tr></table><p class="totop"><a href="#summary">back to summary</a></p>
<h3 id="m5">com.WebPage.FeatureTest.SearchBoxTest#testSearchBox</h3><table class="result"><tr><th>Exception</th></tr><tr><td><div class="stacktrace">org.openqa.selenium.NoSuchWindowException: no such window: window was already closed
  (Session info: chrome=92.0.4515.107)
Build info: version: &apos;3.141.59&apos;, revision: &apos;e82be7d358&apos;, time: &apos;2018-11-14T08:17:03&apos;
System info: host: &apos;Jorges-MacBook-Pro.local&apos;, ip: &apos;192.168.43.13&apos;, os.name: &apos;Mac OS X&apos;, os.arch: &apos;x86_64&apos;, os.version: &apos;10.15.7&apos;, java.version: &apos;16.0.2&apos;
Driver info: org.openqa.selenium.chrome.ChromeDriver
Capabilities {acceptInsecureCerts: false, browserName: chrome, browserVersion: 92.0.4515.107, chrome: {chromedriverVersion: 92.0.4515.43 (8c61b7e2989f2..., userDataDir: /var/folders/s9/537dvcg543b...}, goog:chromeOptions: {debuggerAddress: localhost:60040}, javascriptEnabled: true, networkConnectionEnabled: false, pageLoadStrategy: normal, platform: MAC, platformName: MAC, proxy: Proxy(), setWindowRect: true, strictFileInteractability: false, timeouts: {implicit: 0, pageLoad: 300000, script: 30000}, unhandledPromptBehavior: dismiss and notify, webauthn:extension:credBlob: true, webauthn:extension:largeBlob: true, webauthn:virtualAuthenticators: true}
Session ID: 6d9da1f7e4993bb1e5ef8f74b38eb9d9
	at org.openqa.selenium.remote.http.W3CHttpResponseCodec.createException(W3CHttpResponseCodec.java:187)
	at org.openqa.selenium.remote.http.W3CHttpResponseCodec.decode(W3CHttpResponseCodec.java:122)
	at org.openqa.selenium.remote.http.W3CHttpResponseCodec.decode(W3CHttpResponseCodec.java:49)
	at org.openqa.selenium.remote.HttpCommandExecutor.execute(HttpCommandExecutor.java:158)
	at org.openqa.selenium.remote.service.DriverCommandExecutor.execute(DriverCommandExecutor.java:83)
	at org.openqa.selenium.remote.RemoteWebDriver.execute(RemoteWebDriver.java:552)
	at org.openqa.selenium.remote.RemoteWebDriver.get(RemoteWebDriver.java:277)
	at com.WebPage.FeatureTest.SearchBoxTest.beforeSuite(SearchBoxTest.java:24)
	at java.base/java.util.ArrayList.forEach(ArrayList.java:1511)
	at java.base/java.util.concurrent.FutureTask.run(FutureTask.java:264)
	at java.base/java.util.concurrent.ThreadPoolExecutor.runWorker(ThreadPoolExecutor.java:1130)
	at java.base/java.util.concurrent.ThreadPoolExecutor$Worker.run(ThreadPoolExecutor.java:630)
	at java.base/java.lang.Thread.run(Thread.java:831)
... Removed 21 stack frames</div></td></tr></table><p class="totop"><a href="#summary">back to summary</a></p>
<h3 id="m6">com.WebPage.FeatureTest.ShoppingCartTest#testAddItemToShoppingCart</h3><table class="result"><tr><th>Messages</th></tr><tr><td><div class="messages">Element doesn't exist</div></td></tr></table><p class="totop"><a href="#summary">back to summary</a></p>
</body>
</html>
